[2025-11-11T01:16:55+00:00] Starting smoke run
W1111 01:17:01.720000 4934 torch/distributed/run.py:803] 
W1111 01:17:01.720000 4934 torch/distributed/run.py:803] *****************************************
W1111 01:17:01.720000 4934 torch/distributed/run.py:803] Setting OMP_NUM_THREADS environment variable for each process to be 1 in default, to avoid your system being overloaded, please further tune the variable for optimal performance in your application as needed. 
W1111 01:17:01.720000 4934 torch/distributed/run.py:803] *****************************************
[W1111 01:17:10.357525090 Utils.hpp:137] Warning: Environment variable NCCL_ASYNC_ERROR_HANDLING is deprecated; use TORCH_NCCL_ASYNC_ERROR_HANDLING instead (function operator())
[W1111 01:17:10.648311807 Utils.hpp:137] Warning: Environment variable NCCL_ASYNC_ERROR_HANDLING is deprecated; use TORCH_NCCL_ASYNC_ERROR_HANDLING instead (function operator())



[tokenizer] Trained tokenizer saved to runs/tokenizer_smoke/tokenizer.json
[W1111 01:17:41.819203994 Utils.hpp:137] Warning: Environment variable NCCL_ASYNC_ERROR_HANDLING is deprecated; use TORCH_NCCL_ASYNC_ERROR_HANDLING instead (function operator())
[rank0]:[W1111 01:17:48.586873838 Utils.hpp:112] Warning: Environment variable NCCL_ASYNC_ERROR_HANDLING is deprecated; use TORCH_NCCL_ASYNC_ERROR_HANDLING instead (function operator())
[trainer] Gradient checkpointing: enabled via model.enable_gradient_checkpointing()
[rank1]:[W1111 01:17:48.595195354 Utils.hpp:112] Warning: Environment variable NCCL_ASYNC_ERROR_HANDLING is deprecated; use TORCH_NCCL_ASYNC_ERROR_HANDLING instead (function operator())
[rank2]:[W1111 01:17:48.595199125 Utils.hpp:112] Warning: Environment variable NCCL_ASYNC_ERROR_HANDLING is deprecated; use TORCH_NCCL_ASYNC_ERROR_HANDLING instead (function operator())
[trainer] Gradient checkpointing: enabled via model.enable_gradient_checkpointing()
[trainer] Gradient checkpointing: enabled via model.enable_gradient_checkpointing()
[rank0]: Traceback (most recent call last):
[rank0]:   File "/workspace/psann/scripts/train_psann_lm.py", line 512, in <module>
[rank0]:     raise SystemExit(main())
[rank0]:                      ^^^^^^
[rank0]:   File "/workspace/psann/scripts/train_psann_lm.py", line 488, in main
[rank0]:     trainer.train(model, dataset, max_length=int(args.max_length), val_dataset=None)
[rank0]:   File "/workspace/psann/src/psann/lm/train/trainer.py", line 288, in train
[rank0]:     for batch in dl:
[rank0]:   File "/workspace/psann/.venv/lib/python3.12/site-packages/torch/utils/data/dataloader.py", line 732, in __next__
[rank0]:     data = self._next_data()
[rank0]:            ^^^^^^^^^^^^^^^^^
[rank0]:   File "/workspace/psann/.venv/lib/python3.12/site-packages/torch/utils/data/dataloader.py", line 788, in _next_data
[rank0]:     data = self._dataset_fetcher.fetch(index)  # may raise StopIteration
[rank0]:            ^^^^^^^^^^^^^^^^^^^^^^^^^^^^^^^^^^
[rank0]:   File "/workspace/psann/.venv/lib/python3.12/site-packages/torch/utils/data/_utils/fetch.py", line 33, in fetch
[rank0]:     data.append(next(self.dataset_iter))
[rank0]:                 ^^^^^^^^^^^^^^^^^^^^^^^
[rank0]:   File "/workspace/psann/src/psann/lm/data/dataset.py", line 284, in __iter__
[rank0]:     ids = self.tok.encode(s, add_specials=True)
[rank0]:           ^^^^^^^^^^^^^^^^^^^^^^^^^^^^^^^^^^^^^
[rank0]:   File "/workspace/psann/src/psann/lm/data/tokenizer.py", line 188, in encode
[rank0]:     return self._impl.encode(text, add_specials=add_specials)
[rank0]:            ^^^^^^^^^^^^^^^^^^^^^^^^^^^^^^^^^^^^^^^^^^^^^^^^^^
[rank0]:   File "/workspace/psann/src/psann/lm/data/tokenizer.py", line 474, in encode
[rank0]:     tk = self._ensure()
[rank0]:          ^^^^^^^^^^^^^^
[rank0]:   File "/workspace/psann/src/psann/lm/data/tokenizer.py", line 470, in _ensure
[rank0]:     raise RuntimeError("HFTokenizersWrapper must be fit() before encode()/decode().")
[rank0]: RuntimeError: HFTokenizersWrapper must be fit() before encode()/decode().
[rank0]:[W1111 01:17:51.325193459 ProcessGroupNCCL.cpp:1524] Warning: WARNING: destroy_process_group() was not called before program exit, which can leak resources. For more info, please see https://pytorch.org/docs/stable/distributed.html#shutdown (function operator())
W1111 01:17:52.909000 4934 torch/distributed/elastic/multiprocessing/api.py:908] Sending process 5001 closing signal SIGTERM
W1111 01:17:52.915000 4934 torch/distributed/elastic/multiprocessing/api.py:908] Sending process 5002 closing signal SIGTERM
E1111 01:17:53.234000 4934 torch/distributed/elastic/multiprocessing/api.py:882] failed (exitcode: 1) local_rank: 0 (pid: 5000) of binary: /workspace/psann/.venv/bin/python
Traceback (most recent call last):
  File "/workspace/psann/.venv/bin/torchrun", line 7, in <module>
    sys.exit(main())
             ^^^^^^
  File "/workspace/psann/.venv/lib/python3.12/site-packages/torch/distributed/elastic/multiprocessing/errors/__init__.py", line 357, in wrapper
    return f(*args, **kwargs)
           ^^^^^^^^^^^^^^^^^^
  File "/workspace/psann/.venv/lib/python3.12/site-packages/torch/distributed/run.py", line 936, in main
    run(args)
  File "/workspace/psann/.venv/lib/python3.12/site-packages/torch/distributed/run.py", line 927, in run
    elastic_launch(
  File "/workspace/psann/.venv/lib/python3.12/site-packages/torch/distributed/launcher/api.py", line 156, in __call__
    return launch_agent(self._config, self._entrypoint, list(args))
           ^^^^^^^^^^^^^^^^^^^^^^^^^^^^^^^^^^^^^^^^^^^^^^^^^^^^^^^^
  File "/workspace/psann/.venv/lib/python3.12/site-packages/torch/distributed/launcher/api.py", line 293, in launch_agent
    raise ChildFailedError(
torch.distributed.elastic.multiprocessing.errors.ChildFailedError: 
============================================================
scripts/train_psann_lm.py FAILED
------------------------------------------------------------
Failures:
  <NO_OTHER_FAILURES>
------------------------------------------------------------
Root Cause (first observed failure):
[0]:
  time      : 2025-11-11_01:17:52
  host      : 27eb2793a45e
  rank      : 0 (local_rank: 0)
  exitcode  : 1 (pid: 5000)
  error_file: <N/A>
  traceback : To enable traceback see: https://pytorch.org/docs/stable/elastic/errors.html
============================================================
